0 info it worked if it ends with ok
1 verbose cli [ 'C:\\Program Files\\nodejs\\node.exe',
1 verbose cli   'C:\\Program Files\\nodejs\\node_modules\\npm\\bin\\npm-cli.js',
1 verbose cli   'run',
1 verbose cli   'web-dev' ]
2 info using npm@3.10.8
3 info using node@v6.9.1
4 verbose run-script [ 'preweb-dev', 'web-dev', 'postweb-dev' ]
5 info lifecycle pwa@1.0.0~preweb-dev: pwa@1.0.0
6 silly lifecycle pwa@1.0.0~preweb-dev: no script for preweb-dev, continuing
7 info lifecycle pwa@1.0.0~web-dev: pwa@1.0.0
8 verbose lifecycle pwa@1.0.0~web-dev: unsafe-perm in lifecycle true
9 verbose lifecycle pwa@1.0.0~web-dev: PATH: C:\Program Files\nodejs\node_modules\npm\bin\node-gyp-bin;c:\react\pwa\node_modules\.bin;C:\ProgramData\Oracle\Java\javapath;C:\Program Files (x86)\Intel\iCLS Client\;C:\Program Files\Intel\iCLS Client\;C:\WINDOWS\system32;C:\WINDOWS;C:\WINDOWS\System32\Wbem;C:\WINDOWS\System32\WindowsPowerShell\v1.0\;C:\Program Files (x86)\Intel\Intel(R) Management Engine Components\DAL;C:\Program Files\Intel\Intel(R) Management Engine Components\DAL;C:\Program Files (x86)\Intel\Intel(R) Management Engine Components\IPT;C:\Program Files\Intel\Intel(R) Management Engine Components\IPT;C:\Program Files\nodejs\;C:\Program Files\Git\cmd;C:\Program Files\Git\bin;C:\xampp\php;C:\ProgramData\ComposerSetup\bin;C:\Program Files (x86)\Skype\Phone\;C:\Users\Acer\AppData\Local\Microsoft\WindowsApps;C:\Users\Acer\AppData\Roaming\npm;C:\Users\Acer\AppData\Roaming\Composer\vendor\bin;C:\Users\Acer\AppData\Local\atom\bin
10 verbose lifecycle pwa@1.0.0~web-dev: CWD: c:\react\pwa
11 silly lifecycle pwa@1.0.0~web-dev: Args: [ '/d /s /c',
11 silly lifecycle   'webpack-dev-server --content-base public/ --config web.dev.config.js --port 3001 --inline --hot --colors' ]
12 silly lifecycle pwa@1.0.0~web-dev: Returned: code: 1  signal: null
13 info lifecycle pwa@1.0.0~web-dev: Failed to exec web-dev script
14 verbose stack Error: pwa@1.0.0 web-dev: `webpack-dev-server --content-base public/ --config web.dev.config.js --port 3001 --inline --hot --colors`
14 verbose stack Exit status 1
14 verbose stack     at EventEmitter.<anonymous> (C:\Program Files\nodejs\node_modules\npm\lib\utils\lifecycle.js:255:16)
14 verbose stack     at emitTwo (events.js:106:13)
14 verbose stack     at EventEmitter.emit (events.js:191:7)
14 verbose stack     at ChildProcess.<anonymous> (C:\Program Files\nodejs\node_modules\npm\lib\utils\spawn.js:40:14)
14 verbose stack     at emitTwo (events.js:106:13)
14 verbose stack     at ChildProcess.emit (events.js:191:7)
14 verbose stack     at maybeClose (internal/child_process.js:877:16)
14 verbose stack     at Process.ChildProcess._handle.onexit (internal/child_process.js:226:5)
15 verbose pkgid pwa@1.0.0
16 verbose cwd c:\react\pwa
17 error Windows_NT 10.0.14393
18 error argv "C:\\Program Files\\nodejs\\node.exe" "C:\\Program Files\\nodejs\\node_modules\\npm\\bin\\npm-cli.js" "run" "web-dev"
19 error node v6.9.1
20 error npm  v3.10.8
21 error code ELIFECYCLE
22 error pwa@1.0.0 web-dev: `webpack-dev-server --content-base public/ --config web.dev.config.js --port 3001 --inline --hot --colors`
22 error Exit status 1
23 error Failed at the pwa@1.0.0 web-dev script 'webpack-dev-server --content-base public/ --config web.dev.config.js --port 3001 --inline --hot --colors'.
23 error Make sure you have the latest version of node.js and npm installed.
23 error If you do, this is most likely a problem with the pwa package,
23 error not with npm itself.
23 error Tell the author that this fails on your system:
23 error     webpack-dev-server --content-base public/ --config web.dev.config.js --port 3001 --inline --hot --colors
23 error You can get information on how to open an issue for this project with:
23 error     npm bugs pwa
23 error Or if that isn't available, you can get their info via:
23 error     npm owner ls pwa
23 error There is likely additional logging output above.
24 verbose exit [ 1, true ]
